0 info it worked if it ends with ok
1 verbose cli [ '/usr/bin/node', '/usr/bin/npm', 'run', 'dev' ]
2 info using npm@3.5.2
3 info using node@v8.10.0
4 verbose run-script [ 'predev', 'dev', 'postdev' ]
5 info lifecycle boilerplate-redux-async@0.1.1~predev: boilerplate-redux-async@0.1.1
6 silly lifecycle boilerplate-redux-async@0.1.1~predev: no script for predev, continuing
7 info lifecycle boilerplate-redux-async@0.1.1~dev: boilerplate-redux-async@0.1.1
8 verbose lifecycle boilerplate-redux-async@0.1.1~dev: unsafe-perm in lifecycle true
9 verbose lifecycle boilerplate-redux-async@0.1.1~dev: PATH: /usr/share/npm/bin/node-gyp-bin:/mnt/c/Users/pano_/Desktop/Friday Projects/Norris_by_ChuckNorris/node_modules/.bin:/home/linuxbrew/.linuxbrew/bin:/home/linuxbrew/.linuxbrew/sbin:/usr/local/sbin:/usr/local/bin:/usr/sbin:/usr/bin:/sbin:/bin:/usr/games:/usr/local/games:/mnt/c/Program Files/WindowsApps/CanonicalGroupLimited.UbuntuonWindows_1804.2019.521.0_x64__79rhkp1fndgsc:/mnt/c/Python27:/mnt/c/Python27/Scripts:/mnt/c/Program Files (x86)/Intel/Intel(R) Management Engine Components/iCLS:/mnt/c/Program Files/Intel/Intel(R) Management Engine Components/iCLS:/mnt/c/Windows/System32:/mnt/c/Windows:/mnt/c/Windows/System32/wbem:/mnt/c/Windows/System32/WindowsPowerShell/v1.0:/mnt/c/Windows/System32/OpenSSH:/mnt/c/Program Files (x86)/Intel/Intel(R) Management Engine Components/DAL:/mnt/c/Program Files/Intel/Intel(R) Management Engine Components/DAL:/mnt/c/Program Files (x86)/Intel/Intel(R) Management Engine Components/IPT:/mnt/c/Program Files/Intel/Intel(R) Management Engine Components/IPT:/mnt/c/Program Files (x86)/NVIDIA Corporation/PhysX/Common:/mnt/c/Program Files/NVIDIA Corporation/NVIDIA NvDLISR:/mnt/c/Program Files/nodejs:/mnt/c/ProgramData/chocolatey/bin:/mnt/c/Program Files/Git/cmd:/mnt/c/Program Files/PuTTY:/mnt/c/Users/pano_/AppData/Local/Microsoft/WindowsApps:/mnt/c/Users/pano_/AppData/Local/Programs/Microsoft VS Code/bin:/mnt/c/Users/pano_/AppData/Roaming/npm:/mnt/c/Program Files/heroku/bin
10 verbose lifecycle boilerplate-redux-async@0.1.1~dev: CWD: /mnt/c/Users/pano_/Desktop/Friday Projects/Norris_by_ChuckNorris
11 silly lifecycle boilerplate-redux-async@0.1.1~dev: Args: [ '-c', 'nodemon --watch server & webpack --watch' ]
12 silly lifecycle boilerplate-redux-async@0.1.1~dev: Returned: code: 137  signal: null
13 info lifecycle boilerplate-redux-async@0.1.1~dev: Failed to exec dev script
14 verbose stack Error: boilerplate-redux-async@0.1.1 dev: `nodemon --watch server & webpack --watch`
14 verbose stack Exit status 137
14 verbose stack     at EventEmitter.<anonymous> (/usr/share/npm/lib/utils/lifecycle.js:232:16)
14 verbose stack     at emitTwo (events.js:126:13)
14 verbose stack     at EventEmitter.emit (events.js:214:7)
14 verbose stack     at ChildProcess.<anonymous> (/usr/share/npm/lib/utils/spawn.js:24:14)
14 verbose stack     at emitTwo (events.js:126:13)
14 verbose stack     at ChildProcess.emit (events.js:214:7)
14 verbose stack     at maybeClose (internal/child_process.js:925:16)
14 verbose stack     at Process.ChildProcess._handle.onexit (internal/child_process.js:209:5)
15 verbose pkgid boilerplate-redux-async@0.1.1
16 verbose cwd /mnt/c/Users/pano_/Desktop/Friday Projects/Norris_by_ChuckNorris
17 error Linux 4.4.0-17134-Microsoft
18 error argv "/usr/bin/node" "/usr/bin/npm" "run" "dev"
19 error node v8.10.0
20 error npm  v3.5.2
21 error code ELIFECYCLE
22 error boilerplate-redux-async@0.1.1 dev: `nodemon --watch server & webpack --watch`
22 error Exit status 137
23 error Failed at the boilerplate-redux-async@0.1.1 dev script 'nodemon --watch server & webpack --watch'.
23 error Make sure you have the latest version of node.js and npm installed.
23 error If you do, this is most likely a problem with the boilerplate-redux-async package,
23 error not with npm itself.
23 error Tell the author that this fails on your system:
23 error     nodemon --watch server & webpack --watch
23 error You can get information on how to open an issue for this project with:
23 error     npm bugs boilerplate-redux-async
23 error Or if that isn't available, you can get their info via:
23 error     npm owner ls boilerplate-redux-async
23 error There is likely additional logging output above.
24 verbose exit [ 1, true ]
